# JRE version: OpenJDK Runtime Environment (11.0.12+7) (build 11.0.12+7-b1504.28-7817840)
# Java VM: OpenJDK 64-Bit Server VM (11.0.12+7-b1504.28-7817840, mixed mode, tiered, compressed oops, g1 gc, windows-amd64)
Heap:
 garbage-first heap   total 172032K, used 138236K [0x0000000080000000, 0x0000000100000000)
  region size 1024K, 32 young (32768K), 4 survivors (4096K)
 Metaspace       used 90934K, capacity 93118K, committed 93388K, reserved 1130496K
  class space    used 11833K, capacity 12636K, committed 12748K, reserved 1048576K
GC Heap History (20 events):
Event: 32.901 GC heap before
{Heap before GC invocations=26 (full 0):
 garbage-first heap   total 143360K, used 106750K [0x0000000080000000, 0x0000000100000000)
  region size 1024K, 35 young (35840K), 4 survivors (4096K)
 Metaspace       used 58013K, capacity 59543K, committed 59852K, reserved 1101824K
  class space    used 7436K, capacity 8019K, committed 8140K, reserved 1048576K
}
Event: 32.913 GC heap after
{Heap after GC invocations=27 (full 0):
 garbage-first heap   total 143360K, used 76441K [0x0000000080000000, 0x0000000100000000)
  region size 1024K, 2 young (2048K), 2 survivors (2048K)
 Metaspace       used 58013K, capacity 59543K, committed 59852K, reserved 1101824K
  class space    used 7436K, capacity 8019K, committed 8140K, reserved 1048576K
}
Event: 34.184 GC heap before
{Heap before GC invocations=28 (full 0):
 garbage-first heap   total 143360K, used 109209K [0x0000000080000000, 0x0000000100000000)
  region size 1024K, 34 young (34816K), 2 survivors (2048K)
 Metaspace       used 62750K, capacity 64305K, committed 64588K, reserved 1105920K
  class space    used 8034K, capacity 8646K, committed 8780K, reserved 1048576K
}
Event: 34.195 GC heap after
{Heap after GC invocations=29 (full 0):
 garbage-first heap   total 143360K, used 79639K [0x0000000080000000, 0x0000000100000000)
  region size 1024K, 5 young (5120K), 5 survivors (5120K)
 Metaspace       used 62750K, capacity 64305K, committed 64588K, reserved 1105920K
  class space    used 8034K, capacity 8646K, committed 8780K, reserved 1048576K
}
Event: 35.465 GC heap before
{Heap before GC invocations=29 (full 0):
 garbage-first heap   total 143360K, used 110359K [0x0000000080000000, 0x0000000100000000)
  region size 1024K, 36 young (36864K), 5 survivors (5120K)
 Metaspace       used 65375K, capacity 66971K, committed 67148K, reserved 1107968K
  class space    used 8341K, capacity 8974K, committed 9036K, reserved 1048576K
}
Event: 35.483 GC heap after
{Heap after GC invocations=30 (full 0):
 garbage-first heap   total 143360K, used 81320K [0x0000000080000000, 0x0000000100000000)
  region size 1024K, 3 young (3072K), 3 survivors (3072K)
 Metaspace       used 65375K, capacity 66971K, committed 67148K, reserved 1107968K
  class space    used 8341K, capacity 8974K, committed 9036K, reserved 1048576K
}
Event: 36.282 GC heap before
{Heap before GC invocations=31 (full 0):
 garbage-first heap   total 143360K, used 96680K [0x0000000080000000, 0x0000000100000000)
  region size 1024K, 19 young (19456K), 3 survivors (3072K)
 Metaspace       used 66601K, capacity 68264K, committed 68300K, reserved 1107968K
  class space    used 8513K, capacity 9147K, committed 9164K, reserved 1048576K
}
Event: 36.294 GC heap after
{Heap after GC invocations=32 (full 0):
 garbage-first heap   total 172032K, used 82294K [0x0000000080000000, 0x0000000100000000)
  region size 1024K, 4 young (4096K), 4 survivors (4096K)
 Metaspace       used 66601K, capacity 68264K, committed 68300K, reserved 1107968K
  class space    used 8513K, capacity 9147K, committed 9164K, reserved 1048576K
}
Event: 38.709 GC heap before
{Heap before GC invocations=33 (full 0):
 garbage-first heap   total 172032K, used 129398K [0x0000000080000000, 0x0000000100000000)
  region size 1024K, 49 young (50176K), 4 survivors (4096K)
 Metaspace       used 69834K, capacity 71434K, committed 71500K, reserved 1112064K
  class space    used 8924K, capacity 9537K, committed 9548K, reserved 1048576K
}
Event: 38.724 GC heap after
{Heap after GC invocations=34 (full 0):
 garbage-first heap   total 172032K, used 84890K [0x0000000080000000, 0x0000000100000000)
  region size 1024K, 6 young (6144K), 6 survivors (6144K)
 Metaspace       used 69834K, capacity 71434K, committed 71500K, reserved 1112064K
  class space    used 8924K, capacity 9537K, committed 9548K, reserved 1048576K
}
Event: 40.318 GC heap before
{Heap before GC invocations=34 (full 0):
 garbage-first heap   total 172032K, used 133018K [0x0000000080000000, 0x0000000100000000)
  region size 1024K, 53 young (54272K), 6 survivors (6144K)
 Metaspace       used 72725K, capacity 74426K, committed 74572K, reserved 1114112K
  class space    used 9351K, capacity 9999K, committed 10060K, reserved 1048576K
}
Event: 40.346 GC heap after
{Heap after GC invocations=35 (full 0):
 garbage-first heap   total 172032K, used 87993K [0x0000000080000000, 0x0000000100000000)
  region size 1024K, 6 young (6144K), 6 survivors (6144K)
 Metaspace       used 72725K, capacity 74426K, committed 74572K, reserved 1114112K
  class space    used 9351K, capacity 9999K, committed 10060K, reserved 1048576K
}
Event: 42.331 GC heap before
{Heap before GC invocations=36 (full 0):
 garbage-first heap   total 172032K, used 132025K [0x0000000080000000, 0x0000000100000000)
  region size 1024K, 50 young (51200K), 6 survivors (6144K)
 Metaspace       used 77378K, capacity 79266K, committed 79436K, reserved 1118208K
  class space    used 10068K, capacity 10768K, committed 10828K, reserved 1048576K
}
Event: 42.354 GC heap after
{Heap after GC invocations=37 (full 0):
 garbage-first heap   total 172032K, used 90929K [0x0000000080000000, 0x0000000100000000)
  region size 1024K, 6 young (6144K), 6 survivors (6144K)
 Metaspace       used 77378K, capacity 79266K, committed 79436K, reserved 1118208K
  class space    used 10068K, capacity 10768K, committed 10828K, reserved 1048576K
}
Event: 44.320 GC heap before
{Heap before GC invocations=38 (full 0):
 garbage-first heap   total 172032K, used 148273K [0x0000000080000000, 0x0000000100000000)
  region size 1024K, 52 young (53248K), 6 survivors (6144K)
 Metaspace       used 79577K, capacity 81642K, committed 81868K, reserved 1120256K
  class space    used 10390K, capacity 11163K, committed 11212K, reserved 1048576K
}
Event: 44.341 GC heap after
{Heap after GC invocations=39 (full 0):
 garbage-first heap   total 172032K, used 106465K [0x0000000080000000, 0x0000000100000000)
  region size 1024K, 7 young (7168K), 7 survivors (7168K)
 Metaspace       used 79577K, capacity 81642K, committed 81868K, reserved 1120256K
  class space    used 10390K, capacity 11163K, committed 11212K, reserved 1048576K
}
Event: 45.590 GC heap before
{Heap before GC invocations=39 (full 0):
 garbage-first heap   total 172032K, used 144353K [0x0000000080000000, 0x0000000100000000)
  region size 1024K, 44 young (45056K), 7 survivors (7168K)
 Metaspace       used 82569K, capacity 84674K, committed 84812K, reserved 1122304K
  class space    used 10792K, capacity 11569K, committed 11596K, reserved 1048576K
}
Event: 45.604 GC heap after
{Heap after GC invocations=40 (full 0):
 garbage-first heap   total 172032K, used 109152K [0x0000000080000000, 0x0000000100000000)
  region size 1024K, 3 young (3072K), 3 survivors (3072K)
 Metaspace       used 82569K, capacity 84674K, committed 84812K, reserved 1122304K
  class space    used 10792K, capacity 11569K, committed 11596K, reserved 1048576K
}
Event: 47.810 GC heap before
{Heap before GC invocations=41 (full 0):
 garbage-first heap   total 172032K, used 146016K [0x0000000080000000, 0x0000000100000000)
  region size 1024K, 38 young (38912K), 3 survivors (3072K)
 Metaspace       used 87451K, capacity 89640K, committed 89804K, reserved 1126400K
  class space    used 11392K, capacity 12166K, committed 12236K, reserved 1048576K
}
Event: 47.821 GC heap after
{Heap after GC invocations=42 (full 0):
 garbage-first heap   total 172032K, used 110588K [0x0000000080000000, 0x0000000100000000)
  region size 1024K, 4 young (4096K), 4 survivors (4096K)
 Metaspace       used 87451K, capacity 89640K, committed 89804K, reserved 1126400K
  class space    used 11392K, capacity 12166K, committed 12236K, reserved 1048576K
}

